[32m[Nest] 13276  - [39m30/03/2026, 7:47:18 am [32m    LOG[39m [38;5;3m[NestFactory] [39m[32mStarting Nest application...[39m
[32m[Nest] 13276  - [39m30/03/2026, 7:47:18 am [32m    LOG[39m [38;5;3m[InstanceLoader] [39m[32mAppModule dependencies initialized[39m[38;5;3m +10ms[39m
[32m[Nest] 13276  - [39m30/03/2026, 7:47:18 am [32m    LOG[39m [38;5;3m[InstanceLoader] [39m[32mRealtimeModule dependencies initialized[39m[38;5;3m +1ms[39m
[32m[Nest] 13276  - [39m30/03/2026, 7:47:18 am [32m    LOG[39m [38;5;3m[InstanceLoader] [39m[32mInfrastructureModule dependencies initialized[39m[38;5;3m +0ms[39m
[32m[Nest] 13276  - [39m30/03/2026, 7:47:18 am [32m    LOG[39m [38;5;3m[InstanceLoader] [39m[32mQueueModule dependencies initialized[39m[38;5;3m +1ms[39m
[32m[Nest] 13276  - [39m30/03/2026, 7:47:18 am [32m    LOG[39m [38;5;3m[InstanceLoader] [39m[32mRustExecutionModule dependencies initialized[39m[38;5;3m +1ms[39m
[32m[Nest] 13276  - [39m30/03/2026, 7:47:18 am [32m    LOG[39m [38;5;3m[InstanceLoader] [39m[32mRuntimeModule dependencies initialized[39m[38;5;3m +0ms[39m
[32m[Nest] 13276  - [39m30/03/2026, 7:47:18 am [32m    LOG[39m [38;5;3m[InstanceLoader] [39m[32mTrackerModule dependencies initialized[39m[38;5;3m +0ms[39m
[32m[Nest] 13276  - [39m30/03/2026, 7:47:18 am [32m    LOG[39m [38;5;3m[InstanceLoader] [39m[32mWalletsModule dependencies initialized[39m[38;5;3m +1ms[39m
[32m[Nest] 13276  - [39m30/03/2026, 7:47:18 am [32m    LOG[39m [38;5;3m[InstanceLoader] [39m[32mContractsModule dependencies initialized[39m[38;5;3m +0ms[39m
[32m[Nest] 13276  - [39m30/03/2026, 7:47:18 am [32m    LOG[39m [38;5;3m[InstanceLoader] [39m[32mAnalyticsModule dependencies initialized[39m[38;5;3m +0ms[39m
[32m[Nest] 13276  - [39m30/03/2026, 7:47:18 am [32m    LOG[39m [38;5;3m[InstanceLoader] [39m[32mBotModule dependencies initialized[39m[38;5;3m +0ms[39m
[32m[Nest] 13276  - [39m30/03/2026, 7:47:18 am [32m    LOG[39m [38;5;3m[RoutesResolver] [39m[32mWalletsController {/api/wallets}:[39m[38;5;3m +12ms[39m
[32m[Nest] 13276  - [39m30/03/2026, 7:47:18 am [32m    LOG[39m [38;5;3m[RouterExplorer] [39m[32mMapped {/api/wallets, GET} route[39m[38;5;3m +1ms[39m
[32m[Nest] 13276  - [39m30/03/2026, 7:47:18 am [32m    LOG[39m [38;5;3m[RouterExplorer] [39m[32mMapped {/api/wallets, POST} route[39m[38;5;3m +1ms[39m
[32m[Nest] 13276  - [39m30/03/2026, 7:47:18 am [32m    LOG[39m [38;5;3m[RoutesResolver] [39m[32mContractsController {/api/contracts}:[39m[38;5;3m +0ms[39m
[32m[Nest] 13276  - [39m30/03/2026, 7:47:18 am [32m    LOG[39m [38;5;3m[RouterExplorer] [39m[32mMapped {/api/contracts, GET} route[39m[38;5;3m +1ms[39m
[32m[Nest] 13276  - [39m30/03/2026, 7:47:18 am [32m    LOG[39m [38;5;3m[RouterExplorer] [39m[32mMapped {/api/contracts/analyze, POST} route[39m[38;5;3m +0ms[39m
[32m[Nest] 13276  - [39m30/03/2026, 7:47:18 am [32m    LOG[39m [38;5;3m[RoutesResolver] [39m[32mAnalyticsController {/api/analytics}:[39m[38;5;3m +0ms[39m
[32m[Nest] 13276  - [39m30/03/2026, 7:47:18 am [32m    LOG[39m [38;5;3m[RouterExplorer] [39m[32mMapped {/api/analytics/dashboard, GET} route[39m[38;5;3m +1ms[39m
[32m[Nest] 13276  - [39m30/03/2026, 7:47:18 am [32m    LOG[39m [38;5;3m[RouterExplorer] [39m[32mMapped {/api/analytics/summary, GET} route[39m[38;5;3m +0ms[39m
[32m[Nest] 13276  - [39m30/03/2026, 7:47:18 am [32m    LOG[39m [38;5;3m[RoutesResolver] [39m[32mBotController {/api/bot}:[39m[38;5;3m +0ms[39m
[32m[Nest] 13276  - [39m30/03/2026, 7:47:18 am [32m    LOG[39m [38;5;3m[RouterExplorer] [39m[32mMapped {/api/bot/start, POST} route[39m[38;5;3m +0ms[39m
[32m[Nest] 13276  - [39m30/03/2026, 7:47:18 am [32m    LOG[39m [38;5;3m[RouterExplorer] [39m[32mMapped {/api/bot/stop, POST} route[39m[38;5;3m +1ms[39m
[32m[Nest] 13276  - [39m30/03/2026, 7:47:20 am [32m    LOG[39m [38;5;3m[DatabaseService] [39m[32mDatabase schema ensured.[39m
[32m[Nest] 13276  - [39m30/03/2026, 7:47:25 am [32m    LOG[39m [38;5;3m[TrackerService] [39m[32mTracker armed on 0 websocket feed(s) with 0 block monitor(s).[39m
[32m[Nest] 13276  - [39m30/03/2026, 7:47:25 am [32m    LOG[39m [38;5;3m[MintQueueProcessor] [39m[32mMint queue processor started.[39m
[32m[Nest] 13276  - [39m30/03/2026, 7:47:25 am [32m    LOG[39m [38;5;3m[NestApplication] [39m[32mNest application successfully started[39m[38;5;3m +1ms[39m
[32m[Nest] 13276  - [39m30/03/2026, 7:47:25 am [32m    LOG[39m [38;5;3m[Bootstrap] [39m[32mMintBot backend listening on http://localhost:4000/api[39m
